# JRE version: OpenJDK Runtime Environment (21.0.2+13) (build 21.0.2+13-58)
# Java VM: OpenJDK 64-Bit Server VM (21.0.2+13-58, mixed mode, emulated-client, sharing, tiered, compressed oops, compressed class ptrs, g1 gc, windows-amd64)
GC Precious Log:
 CardTable entry size: 512
 Card Set container configuration: InlinePtr #cards 4 size 8 Array Of Cards #cards 16 size 48 Howl #buckets 8 coarsen threshold 3686 Howl Bitmap #cards 512 size 80 coarsen threshold 460 Card regions per heap region 1 cards per card region 4096
 CPUs: 8 total, 8 available
 Memory: 16217M
 Large Page Support: Disabled
 NUMA Support: Disabled
 Compressed Oops: Enabled (Zero based)
 Heap Region Size: 2M
 Heap Min Capacity: 8M
 Heap Initial Capacity: 254M
 Heap Max Capacity: 4056M
 Pre-touch: Disabled
 Parallel Workers: 8
 Concurrent Workers: 2
 Concurrent Refinement Workers: 8
 Periodic GC: Disabled
Heap:
 garbage-first heap   total 141312K, used 63221K [0x0000000702800000, 0x0000000800000000)
  region size 2048K, 6 young (12288K), 5 survivors (10240K)
 Metaspace       used 100226K, committed 101248K, reserved 1179648K
  class space    used 13800K, committed 14272K, reserved 1048576K
GC Heap History (20 events):
Event: 19.835 GC heap before
{Heap before GC invocations=20 (full 0):
 garbage-first heap   total 96256K, used 85302K [0x0000000702800000, 0x0000000800000000)
  region size 2048K, 23 young (47104K), 2 survivors (4096K)
 Metaspace       used 77652K, committed 78464K, reserved 1179648K
  class space    used 11024K, committed 11392K, reserved 1048576K
}
Event: 19.842 GC heap after
{Heap after GC invocations=21 (full 0):
 garbage-first heap   total 116736K, used 44023K [0x0000000702800000, 0x0000000800000000)
  region size 2048K, 2 young (4096K), 2 survivors (4096K)
 Metaspace       used 77652K, committed 78464K, reserved 1179648K
  class space    used 11024K, committed 11392K, reserved 1048576K
}
Event: 20.885 GC heap before
{Heap before GC invocations=21 (full 0):
 garbage-first heap   total 116736K, used 103415K [0x0000000702800000, 0x0000000800000000)
  region size 2048K, 31 young (63488K), 2 survivors (4096K)
 Metaspace       used 79231K, committed 80000K, reserved 1179648K
  class space    used 11242K, committed 11584K, reserved 1048576K
}
Event: 20.894 GC heap after
{Heap after GC invocations=22 (full 0):
 garbage-first heap   total 116736K, used 46384K [0x0000000702800000, 0x0000000800000000)
  region size 2048K, 4 young (8192K), 4 survivors (8192K)
 Metaspace       used 79231K, committed 80000K, reserved 1179648K
  class space    used 11242K, committed 11584K, reserved 1048576K
}
Event: 21.620 GC heap before
{Heap before GC invocations=22 (full 0):
 garbage-first heap   total 116736K, used 97584K [0x0000000702800000, 0x0000000800000000)
  region size 2048K, 29 young (59392K), 4 survivors (8192K)
 Metaspace       used 79843K, committed 80640K, reserved 1179648K
  class space    used 11345K, committed 11712K, reserved 1048576K
}
Event: 21.630 GC heap after
{Heap after GC invocations=23 (full 0):
 garbage-first heap   total 116736K, used 47821K [0x0000000702800000, 0x0000000800000000)
  region size 2048K, 3 young (6144K), 3 survivors (6144K)
 Metaspace       used 79843K, committed 80640K, reserved 1179648K
  class space    used 11345K, committed 11712K, reserved 1048576K
}
Event: 22.226 GC heap before
{Heap before GC invocations=24 (full 0):
 garbage-first heap   total 116736K, used 99021K [0x0000000702800000, 0x0000000800000000)
  region size 2048K, 28 young (57344K), 3 survivors (6144K)
 Metaspace       used 80399K, committed 81280K, reserved 1179648K
  class space    used 11427K, committed 11840K, reserved 1048576K
}
Event: 22.234 GC heap after
{Heap after GC invocations=25 (full 0):
 garbage-first heap   total 116736K, used 49600K [0x0000000702800000, 0x0000000800000000)
  region size 2048K, 4 young (8192K), 4 survivors (8192K)
 Metaspace       used 80399K, committed 81280K, reserved 1179648K
  class space    used 11427K, committed 11840K, reserved 1048576K
}
Event: 22.948 GC heap before
{Heap before GC invocations=25 (full 0):
 garbage-first heap   total 116736K, used 96704K [0x0000000702800000, 0x0000000800000000)
  region size 2048K, 27 young (55296K), 4 survivors (8192K)
 Metaspace       used 85435K, committed 86336K, reserved 1179648K
  class space    used 12099K, committed 12544K, reserved 1048576K
}
Event: 22.957 GC heap after
{Heap after GC invocations=26 (full 0):
 garbage-first heap   total 116736K, used 51649K [0x0000000702800000, 0x0000000800000000)
  region size 2048K, 3 young (6144K), 3 survivors (6144K)
 Metaspace       used 85435K, committed 86336K, reserved 1179648K
  class space    used 12099K, committed 12544K, reserved 1048576K
}
Event: 23.381 GC heap before
{Heap before GC invocations=26 (full 0):
 garbage-first heap   total 116736K, used 100801K [0x0000000702800000, 0x0000000800000000)
  region size 2048K, 27 young (55296K), 3 survivors (6144K)
 Metaspace       used 86035K, committed 86976K, reserved 1179648K
  class space    used 12215K, committed 12672K, reserved 1048576K
}
Event: 23.387 GC heap after
{Heap after GC invocations=27 (full 0):
 garbage-first heap   total 116736K, used 53005K [0x0000000702800000, 0x0000000800000000)
  region size 2048K, 2 young (4096K), 2 survivors (4096K)
 Metaspace       used 86035K, committed 86976K, reserved 1179648K
  class space    used 12215K, committed 12672K, reserved 1048576K
}
Event: 23.848 GC heap before
{Heap before GC invocations=28 (full 0):
 garbage-first heap   total 116736K, used 102157K [0x0000000702800000, 0x0000000800000000)
  region size 2048K, 27 young (55296K), 2 survivors (4096K)
 Metaspace       used 86895K, committed 87808K, reserved 1179648K
  class space    used 12337K, committed 12736K, reserved 1048576K
}
Event: 23.854 GC heap after
{Heap after GC invocations=29 (full 0):
 garbage-first heap   total 116736K, used 54515K [0x0000000702800000, 0x0000000800000000)
  region size 2048K, 3 young (6144K), 3 survivors (6144K)
 Metaspace       used 86895K, committed 87808K, reserved 1179648K
  class space    used 12337K, committed 12736K, reserved 1048576K
}
Event: 24.179 GC heap before
{Heap before GC invocations=29 (full 0):
 garbage-first heap   total 116736K, used 101619K [0x0000000702800000, 0x0000000800000000)
  region size 2048K, 26 young (53248K), 3 survivors (6144K)
 Metaspace       used 87479K, committed 88384K, reserved 1179648K
  class space    used 12416K, committed 12800K, reserved 1048576K
}
Event: 24.187 GC heap after
{Heap after GC invocations=30 (full 0):
 garbage-first heap   total 116736K, used 56703K [0x0000000702800000, 0x0000000800000000)
  region size 2048K, 3 young (6144K), 3 survivors (6144K)
 Metaspace       used 87479K, committed 88384K, reserved 1179648K
  class space    used 12416K, committed 12800K, reserved 1048576K
}
Event: 24.565 GC heap before
{Heap before GC invocations=30 (full 0):
 garbage-first heap   total 116736K, used 101759K [0x0000000702800000, 0x0000000800000000)
  region size 2048K, 25 young (51200K), 3 survivors (6144K)
 Metaspace       used 88265K, committed 89216K, reserved 1179648K
  class space    used 12552K, committed 12992K, reserved 1048576K
}
Event: 24.571 GC heap after
{Heap after GC invocations=31 (full 0):
 garbage-first heap   total 141312K, used 58221K [0x0000000702800000, 0x0000000800000000)
  region size 2048K, 3 young (6144K), 3 survivors (6144K)
 Metaspace       used 88265K, committed 89216K, reserved 1179648K
  class space    used 12552K, committed 12992K, reserved 1048576K
}
Event: 25.522 GC heap before
{Heap before GC invocations=32 (full 0):
 garbage-first heap   total 141312K, used 123757K [0x0000000702800000, 0x0000000800000000)
  region size 2048K, 36 young (73728K), 3 survivors (6144K)
 Metaspace       used 100015K, committed 101056K, reserved 1179648K
  class space    used 13796K, committed 14272K, reserved 1048576K
}
Event: 25.532 GC heap after
{Heap after GC invocations=33 (full 0):
 garbage-first heap   total 141312K, used 63221K [0x0000000702800000, 0x0000000800000000)
  region size 2048K, 5 young (10240K), 5 survivors (10240K)
 Metaspace       used 100015K, committed 101056K, reserved 1179648K
  class space    used 13796K, committed 14272K, reserved 1048576K
}

